  Source.cpp
C:\Users\Abdullah Jamal\Desktop\College\Second year\Data structure\Assignment 3 - Abdullah jamal\Assignment 3 - Abdullah jamal\Shape.h(9,31): warning C4244: 'initializing': conversion from 'double' to 'float', possible loss of data
C:\Users\Abdullah Jamal\Desktop\College\Second year\Data structure\Assignment 3 - Abdullah jamal\Assignment 3 - Abdullah jamal\Shape.h(9,37): warning C4244: 'initializing': conversion from 'double' to 'float', possible loss of data
C:\Users\Abdullah Jamal\Desktop\College\Second year\Data structure\Assignment 3 - Abdullah jamal\Assignment 3 - Abdullah jamal\Circle.h(13,24): warning C4244: 'return': conversion from 'double' to 'float', possible loss of data
C:\Users\Abdullah Jamal\Desktop\College\Second year\Data structure\Assignment 3 - Abdullah jamal\Assignment 3 - Abdullah jamal\Triangle.h(17,24): warning C4244: 'return': conversion from 'double' to 'float', possible loss of data
C:\Users\Abdullah Jamal\Desktop\College\Second year\Data structure\Assignment 3 - Abdullah jamal\Assignment 3 - Abdullah jamal\Source.cpp(29,40): error C2259: 'Circle': cannot instantiate abstract class
C:\Users\Abdullah Jamal\Desktop\College\Second year\Data structure\Assignment 3 - Abdullah jamal\Assignment 3 - Abdullah jamal\Circle.h(4,7): message : see declaration of 'Circle'
C:\Users\Abdullah Jamal\Desktop\College\Second year\Data structure\Assignment 3 - Abdullah jamal\Assignment 3 - Abdullah jamal\Source.cpp(29,40): message : due to following members:
C:\Users\Abdullah Jamal\Desktop\College\Second year\Data structure\Assignment 3 - Abdullah jamal\Assignment 3 - Abdullah jamal\Source.cpp(29,40): message : 'float Shape::operator +(const Shape &)': is abstract
C:\Users\Abdullah Jamal\Desktop\College\Second year\Data structure\Assignment 3 - Abdullah jamal\Assignment 3 - Abdullah jamal\Shape.h(17,16): message : see declaration of 'Shape::operator +'
C:\Users\Abdullah Jamal\Desktop\College\Second year\Data structure\Assignment 3 - Abdullah jamal\Assignment 3 - Abdullah jamal\Source.cpp(29,41): warning C4244: 'argument': conversion from 'double' to 'float', possible loss of data
C:\Users\Abdullah Jamal\Desktop\College\Second year\Data structure\Assignment 3 - Abdullah jamal\Assignment 3 - Abdullah jamal\Source.cpp(36,43): error C2259: 'Rectangle': cannot instantiate abstract class
C:\Users\Abdullah Jamal\Desktop\College\Second year\Data structure\Assignment 3 - Abdullah jamal\Assignment 3 - Abdullah jamal\Rectangle.h(4,7): message : see declaration of 'Rectangle'
C:\Users\Abdullah Jamal\Desktop\College\Second year\Data structure\Assignment 3 - Abdullah jamal\Assignment 3 - Abdullah jamal\Source.cpp(36,43): message : due to following members:
C:\Users\Abdullah Jamal\Desktop\College\Second year\Data structure\Assignment 3 - Abdullah jamal\Assignment 3 - Abdullah jamal\Source.cpp(36,43): message : 'float Shape::operator +(const Shape &)': is abstract
C:\Users\Abdullah Jamal\Desktop\College\Second year\Data structure\Assignment 3 - Abdullah jamal\Assignment 3 - Abdullah jamal\Shape.h(17,16): message : see declaration of 'Shape::operator +'
C:\Users\Abdullah Jamal\Desktop\College\Second year\Data structure\Assignment 3 - Abdullah jamal\Assignment 3 - Abdullah jamal\Source.cpp(36,52): warning C4244: 'argument': conversion from 'double' to 'float', possible loss of data
C:\Users\Abdullah Jamal\Desktop\College\Second year\Data structure\Assignment 3 - Abdullah jamal\Assignment 3 - Abdullah jamal\Source.cpp(36,44): warning C4244: 'argument': conversion from 'double' to 'float', possible loss of data
C:\Users\Abdullah Jamal\Desktop\College\Second year\Data structure\Assignment 3 - Abdullah jamal\Assignment 3 - Abdullah jamal\Source.cpp(43,42): error C2259: 'Triangle': cannot instantiate abstract class
C:\Users\Abdullah Jamal\Desktop\College\Second year\Data structure\Assignment 3 - Abdullah jamal\Assignment 3 - Abdullah jamal\Triangle.h(4,7): message : see declaration of 'Triangle'
C:\Users\Abdullah Jamal\Desktop\College\Second year\Data structure\Assignment 3 - Abdullah jamal\Assignment 3 - Abdullah jamal\Source.cpp(43,42): message : due to following members:
C:\Users\Abdullah Jamal\Desktop\College\Second year\Data structure\Assignment 3 - Abdullah jamal\Assignment 3 - Abdullah jamal\Source.cpp(43,42): message : 'float Shape::operator +(const Shape &)': is abstract
C:\Users\Abdullah Jamal\Desktop\College\Second year\Data structure\Assignment 3 - Abdullah jamal\Assignment 3 - Abdullah jamal\Shape.h(17,16): message : see declaration of 'Shape::operator +'
C:\Users\Abdullah Jamal\Desktop\College\Second year\Data structure\Assignment 3 - Abdullah jamal\Assignment 3 - Abdullah jamal\Source.cpp(43,51): warning C4244: 'argument': conversion from 'double' to 'float', possible loss of data
C:\Users\Abdullah Jamal\Desktop\College\Second year\Data structure\Assignment 3 - Abdullah jamal\Assignment 3 - Abdullah jamal\Source.cpp(43,43): warning C4244: 'argument': conversion from 'double' to 'float', possible loss of data
C:\Users\Abdullah Jamal\Desktop\College\Second year\Data structure\Assignment 3 - Abdullah jamal\Assignment 3 - Abdullah jamal\Source.cpp(75,9): error C2259: 'Circle': cannot instantiate abstract class
C:\Users\Abdullah Jamal\Desktop\College\Second year\Data structure\Assignment 3 - Abdullah jamal\Assignment 3 - Abdullah jamal\Circle.h(4,7): message : see declaration of 'Circle'
C:\Users\Abdullah Jamal\Desktop\College\Second year\Data structure\Assignment 3 - Abdullah jamal\Assignment 3 - Abdullah jamal\Source.cpp(75,9): message : due to following members:
C:\Users\Abdullah Jamal\Desktop\College\Second year\Data structure\Assignment 3 - Abdullah jamal\Assignment 3 - Abdullah jamal\Source.cpp(75,9): message : 'float Shape::operator +(const Shape &)': is abstract
C:\Users\Abdullah Jamal\Desktop\College\Second year\Data structure\Assignment 3 - Abdullah jamal\Assignment 3 - Abdullah jamal\Shape.h(17,16): message : see declaration of 'Shape::operator +'
C:\Users\Abdullah Jamal\Desktop\College\Second year\Data structure\Assignment 3 - Abdullah jamal\Assignment 3 - Abdullah jamal\Source.cpp(75,22): error C2259: 'Circle': cannot instantiate abstract class
C:\Users\Abdullah Jamal\Desktop\College\Second year\Data structure\Assignment 3 - Abdullah jamal\Assignment 3 - Abdullah jamal\Circle.h(4,7): message : see declaration of 'Circle'
C:\Users\Abdullah Jamal\Desktop\College\Second year\Data structure\Assignment 3 - Abdullah jamal\Assignment 3 - Abdullah jamal\Source.cpp(75,22): message : due to following members:
C:\Users\Abdullah Jamal\Desktop\College\Second year\Data structure\Assignment 3 - Abdullah jamal\Assignment 3 - Abdullah jamal\Source.cpp(75,22): message : 'float Shape::operator +(const Shape &)': is abstract
C:\Users\Abdullah Jamal\Desktop\College\Second year\Data structure\Assignment 3 - Abdullah jamal\Assignment 3 - Abdullah jamal\Shape.h(17,16): message : see declaration of 'Shape::operator +'
C:\Users\Abdullah Jamal\Desktop\College\Second year\Data structure\Assignment 3 - Abdullah jamal\Assignment 3 - Abdullah jamal\Source.cpp(76,12): error C2259: 'Rectangle': cannot instantiate abstract class
C:\Users\Abdullah Jamal\Desktop\College\Second year\Data structure\Assignment 3 - Abdullah jamal\Assignment 3 - Abdullah jamal\Rectangle.h(4,7): message : see declaration of 'Rectangle'
C:\Users\Abdullah Jamal\Desktop\College\Second year\Data structure\Assignment 3 - Abdullah jamal\Assignment 3 - Abdullah jamal\Source.cpp(76,12): message : due to following members:
C:\Users\Abdullah Jamal\Desktop\College\Second year\Data structure\Assignment 3 - Abdullah jamal\Assignment 3 - Abdullah jamal\Source.cpp(76,12): message : 'float Shape::operator +(const Shape &)': is abstract
C:\Users\Abdullah Jamal\Desktop\College\Second year\Data structure\Assignment 3 - Abdullah jamal\Assignment 3 - Abdullah jamal\Shape.h(17,16): message : see declaration of 'Shape::operator +'
C:\Users\Abdullah Jamal\Desktop\College\Second year\Data structure\Assignment 3 - Abdullah jamal\Assignment 3 - Abdullah jamal\Source.cpp(76,28): error C2259: 'Rectangle': cannot instantiate abstract class
C:\Users\Abdullah Jamal\Desktop\College\Second year\Data structure\Assignment 3 - Abdullah jamal\Assignment 3 - Abdullah jamal\Rectangle.h(4,7): message : see declaration of 'Rectangle'
C:\Users\Abdullah Jamal\Desktop\College\Second year\Data structure\Assignment 3 - Abdullah jamal\Assignment 3 - Abdullah jamal\Source.cpp(76,28): message : due to following members:
C:\Users\Abdullah Jamal\Desktop\College\Second year\Data structure\Assignment 3 - Abdullah jamal\Assignment 3 - Abdullah jamal\Source.cpp(76,28): message : 'float Shape::operator +(const Shape &)': is abstract
C:\Users\Abdullah Jamal\Desktop\College\Second year\Data structure\Assignment 3 - Abdullah jamal\Assignment 3 - Abdullah jamal\Shape.h(17,16): message : see declaration of 'Shape::operator +'
C:\Users\Abdullah Jamal\Desktop\College\Second year\Data structure\Assignment 3 - Abdullah jamal\Assignment 3 - Abdullah jamal\Source.cpp(77,11): error C2259: 'Triangle': cannot instantiate abstract class
C:\Users\Abdullah Jamal\Desktop\College\Second year\Data structure\Assignment 3 - Abdullah jamal\Assignment 3 - Abdullah jamal\Triangle.h(4,7): message : see declaration of 'Triangle'
C:\Users\Abdullah Jamal\Desktop\College\Second year\Data structure\Assignment 3 - Abdullah jamal\Assignment 3 - Abdullah jamal\Source.cpp(77,11): message : due to following members:
C:\Users\Abdullah Jamal\Desktop\College\Second year\Data structure\Assignment 3 - Abdullah jamal\Assignment 3 - Abdullah jamal\Source.cpp(77,11): message : 'float Shape::operator +(const Shape &)': is abstract
C:\Users\Abdullah Jamal\Desktop\College\Second year\Data structure\Assignment 3 - Abdullah jamal\Assignment 3 - Abdullah jamal\Shape.h(17,16): message : see declaration of 'Shape::operator +'
C:\Users\Abdullah Jamal\Desktop\College\Second year\Data structure\Assignment 3 - Abdullah jamal\Assignment 3 - Abdullah jamal\Source.cpp(77,27): error C2259: 'Triangle': cannot instantiate abstract class
C:\Users\Abdullah Jamal\Desktop\College\Second year\Data structure\Assignment 3 - Abdullah jamal\Assignment 3 - Abdullah jamal\Triangle.h(4,7): message : see declaration of 'Triangle'
C:\Users\Abdullah Jamal\Desktop\College\Second year\Data structure\Assignment 3 - Abdullah jamal\Assignment 3 - Abdullah jamal\Source.cpp(77,27): message : due to following members:
C:\Users\Abdullah Jamal\Desktop\College\Second year\Data structure\Assignment 3 - Abdullah jamal\Assignment 3 - Abdullah jamal\Source.cpp(77,27): message : 'float Shape::operator +(const Shape &)': is abstract
C:\Users\Abdullah Jamal\Desktop\College\Second year\Data structure\Assignment 3 - Abdullah jamal\Assignment 3 - Abdullah jamal\Shape.h(17,16): message : see declaration of 'Shape::operator +'
